info: Server started at http://localhost:5000/api/v1/ {"timestamp":"2022-12-29T02:24:41.322Z"}
info: Connected to the database. {"timestamp":"2022-12-29T02:24:45.829Z"}
error: 
    status - 500 
    message - ValidationError: "lastName" length must be at least 2 characters long 
    url - /api/v1/users/register 
    method - POST 
    IP - ::ffff:127.0.0.1
   {"timestamp":"2022-12-29T02:24:46.916Z"}
error: 
    status - 500 
    message - ValidationError: "firstName" length must be at least 4 characters long 
    url - /api/v1/users/register 
    method - POST 
    IP - ::ffff:127.0.0.1
   {"timestamp":"2022-12-29T02:24:46.932Z"}
error: 
    status - 500 
    message - Error: Invalid  EmailId
    at _callee3$ (C:\Users\Gajanan\OneDrive\Desktop\BasicsJS\projects\FundooNote\FundoNote\src\services\/user.service.js:43:11)
    at tryCatch (C:\Users\Gajanan\OneDrive\Desktop\BasicsJS\projects\FundooNote\FundoNote\node_modules\@babel\runtime\helpers\regeneratorRuntime.js:44:17)
    at Generator.<anonymous> (C:\Users\Gajanan\OneDrive\Desktop\BasicsJS\projects\FundooNote\FundoNote\node_modules\@babel\runtime\helpers\regeneratorRuntime.js:125:22)
    at Generator.next (C:\Users\Gajanan\OneDrive\Desktop\BasicsJS\projects\FundooNote\FundoNote\node_modules\@babel\runtime\helpers\regeneratorRuntime.js:69:21)
    at asyncGeneratorStep (C:\Users\Gajanan\OneDrive\Desktop\BasicsJS\projects\FundooNote\FundoNote\node_modules\@babel\runtime\helpers\asyncToGenerator.js:3:24)
    at _next (C:\Users\Gajanan\OneDrive\Desktop\BasicsJS\projects\FundooNote\FundoNote\node_modules\@babel\runtime\helpers\asyncToGenerator.js:22:9)
    at processTicksAndRejections (node:internal/process/task_queues:95:5) 
    url - /api/v1/users/loginuser 
    method - POST 
    IP - ::ffff:127.0.0.1
   {"timestamp":"2022-12-29T02:24:47.645Z"}
info: Server started at http://localhost:5000/api/v1/ {"timestamp":"2022-12-29T02:29:39.852Z"}
info: Connected to the database. {"timestamp":"2022-12-29T02:29:43.224Z"}
error: 
    status - 500 
    message - ValidationError: "lastName" length must be at least 2 characters long 
    url - /api/v1/users/register 
    method - POST 
    IP - ::ffff:127.0.0.1
   {"timestamp":"2022-12-29T02:29:44.689Z"}
error: 
    status - 500 
    message - ValidationError: "firstName" length must be at least 4 characters long 
    url - /api/v1/users/register 
    method - POST 
    IP - ::ffff:127.0.0.1
   {"timestamp":"2022-12-29T02:29:44.706Z"}
error: 
    status - 500 
    message - Error: Invalid  EmailId
    at _callee3$ (C:\Users\Gajanan\OneDrive\Desktop\BasicsJS\projects\FundooNote\FundoNote\src\services\/user.service.js:43:11)
    at tryCatch (C:\Users\Gajanan\OneDrive\Desktop\BasicsJS\projects\FundooNote\FundoNote\node_modules\@babel\runtime\helpers\regeneratorRuntime.js:44:17)
    at Generator.<anonymous> (C:\Users\Gajanan\OneDrive\Desktop\BasicsJS\projects\FundooNote\FundoNote\node_modules\@babel\runtime\helpers\regeneratorRuntime.js:125:22)
    at Generator.next (C:\Users\Gajanan\OneDrive\Desktop\BasicsJS\projects\FundooNote\FundoNote\node_modules\@babel\runtime\helpers\regeneratorRuntime.js:69:21)
    at asyncGeneratorStep (C:\Users\Gajanan\OneDrive\Desktop\BasicsJS\projects\FundooNote\FundoNote\node_modules\@babel\runtime\helpers\asyncToGenerator.js:3:24)
    at _next (C:\Users\Gajanan\OneDrive\Desktop\BasicsJS\projects\FundooNote\FundoNote\node_modules\@babel\runtime\helpers\asyncToGenerator.js:22:9)
    at processTicksAndRejections (node:internal/process/task_queues:95:5) 
    url - /api/v1/users/loginuser 
    method - POST 
    IP - ::ffff:127.0.0.1
   {"timestamp":"2022-12-29T02:29:45.572Z"}
info: Server started at http://localhost:5000/api/v1/ {"timestamp":"2022-12-29T02:36:01.114Z"}
info: Connected to the database. {"timestamp":"2022-12-29T02:36:04.828Z"}
error: 
    status - 500 
    message - ValidationError: "lastName" length must be at least 2 characters long 
    url - /api/v1/users/register 
    method - POST 
    IP - ::ffff:127.0.0.1
   {"timestamp":"2022-12-29T02:36:06.227Z"}
error: 
    status - 500 
    message - ValidationError: "firstName" length must be at least 4 characters long 
    url - /api/v1/users/register 
    method - POST 
    IP - ::ffff:127.0.0.1
   {"timestamp":"2022-12-29T02:36:06.247Z"}
error: 
    status - 500 
    message - Error: Invalid  EmailId
    at _callee3$ (C:\Users\Gajanan\OneDrive\Desktop\BasicsJS\projects\FundooNote\FundoNote\src\services\/user.service.js:43:11)
    at tryCatch (C:\Users\Gajanan\OneDrive\Desktop\BasicsJS\projects\FundooNote\FundoNote\node_modules\@babel\runtime\helpers\regeneratorRuntime.js:44:17)
    at Generator.<anonymous> (C:\Users\Gajanan\OneDrive\Desktop\BasicsJS\projects\FundooNote\FundoNote\node_modules\@babel\runtime\helpers\regeneratorRuntime.js:125:22)
    at Generator.next (C:\Users\Gajanan\OneDrive\Desktop\BasicsJS\projects\FundooNote\FundoNote\node_modules\@babel\runtime\helpers\regeneratorRuntime.js:69:21)
    at asyncGeneratorStep (C:\Users\Gajanan\OneDrive\Desktop\BasicsJS\projects\FundooNote\FundoNote\node_modules\@babel\runtime\helpers\asyncToGenerator.js:3:24)
    at _next (C:\Users\Gajanan\OneDrive\Desktop\BasicsJS\projects\FundooNote\FundoNote\node_modules\@babel\runtime\helpers\asyncToGenerator.js:22:9)
    at processTicksAndRejections (node:internal/process/task_queues:95:5) 
    url - /api/v1/users/loginuser 
    method - POST 
    IP - ::ffff:127.0.0.1
   {"timestamp":"2022-12-29T02:36:06.850Z"}
info: Server started at http://localhost:5000/api/v1/ {"timestamp":"2022-12-29T02:56:08.364Z"}
error: 
    status - 500 
    message - ValidationError: "lastName" length must be at least 2 characters long 
    url - /api/v1/users/register 
    method - POST 
    IP - ::ffff:127.0.0.1
   {"timestamp":"2022-12-29T02:56:18.423Z"}
error: 
    status - 500 
    message - MongooseError: Operation `users.findOne()` buffering timed out after 10000ms
    at Timeout.<anonymous> (C:\Users\Gajanan\OneDrive\Desktop\BasicsJS\projects\FundooNote\FundoNote\node_modules\mongoose\lib\drivers\node-mongodb-native\collection.js:198:23)
    at listOnTimeout (node:internal/timers:564:17)
    at processTimers (node:internal/timers:507:7) 
    url - /api/v1/users/register 
    method - POST 
    IP - ::ffff:127.0.0.1
   {"timestamp":"2022-12-29T02:56:18.449Z"}
info: Server started at http://localhost:5000/api/v1/ {"timestamp":"2022-12-29T02:58:12.962Z"}
info: Connected to the database. {"timestamp":"2022-12-29T02:58:16.036Z"}
error: 
    status - 500 
    message - ValidationError: "lastName" length must be at least 2 characters long 
    url - /api/v1/users/register 
    method - POST 
    IP - ::ffff:127.0.0.1
   {"timestamp":"2022-12-29T02:58:17.184Z"}
error: 
    status - 500 
    message - ValidationError: "firstName" length must be at least 4 characters long 
    url - /api/v1/users/register 
    method - POST 
    IP - ::ffff:127.0.0.1
   {"timestamp":"2022-12-29T02:58:17.198Z"}
error: 
    status - 500 
    message - Error: Invalid  EmailId
    at _callee3$ (C:\Users\Gajanan\OneDrive\Desktop\BasicsJS\projects\FundooNote\FundoNote\src\services\/user.service.js:43:11)
    at tryCatch (C:\Users\Gajanan\OneDrive\Desktop\BasicsJS\projects\FundooNote\FundoNote\node_modules\@babel\runtime\helpers\regeneratorRuntime.js:44:17)
    at Generator.<anonymous> (C:\Users\Gajanan\OneDrive\Desktop\BasicsJS\projects\FundooNote\FundoNote\node_modules\@babel\runtime\helpers\regeneratorRuntime.js:125:22)
    at Generator.next (C:\Users\Gajanan\OneDrive\Desktop\BasicsJS\projects\FundooNote\FundoNote\node_modules\@babel\runtime\helpers\regeneratorRuntime.js:69:21)
    at asyncGeneratorStep (C:\Users\Gajanan\OneDrive\Desktop\BasicsJS\projects\FundooNote\FundoNote\node_modules\@babel\runtime\helpers\asyncToGenerator.js:3:24)
    at _next (C:\Users\Gajanan\OneDrive\Desktop\BasicsJS\projects\FundooNote\FundoNote\node_modules\@babel\runtime\helpers\asyncToGenerator.js:22:9)
    at processTicksAndRejections (node:internal/process/task_queues:95:5) 
    url - /api/v1/users/loginuser 
    method - POST 
    IP - ::ffff:127.0.0.1
   {"timestamp":"2022-12-29T02:58:17.850Z"}
info: Server started at http://localhost:5000/api/v1/ {"timestamp":"2022-12-29T06:34:45.796Z"}
info: Connected to the database. {"timestamp":"2022-12-29T06:34:49.500Z"}
error: 
    status - 500 
    message - ValidationError: "lastName" length must be at least 2 characters long 
    url - /api/v1/users/register 
    method - POST 
    IP - ::ffff:127.0.0.1
   {"timestamp":"2022-12-29T06:34:50.698Z"}
error: 
    status - 500 
    message - ValidationError: "firstName" length must be at least 4 characters long 
    url - /api/v1/users/register 
    method - POST 
    IP - ::ffff:127.0.0.1
   {"timestamp":"2022-12-29T06:34:50.717Z"}
error: 
    status - 500 
    message - Error: Invalid  EmailId
    at _callee3$ (C:\Users\Gajanan\OneDrive\Desktop\BasicsJS\projects\FundooNote\FundoNote\src\services\/user.service.js:43:11)
    at tryCatch (C:\Users\Gajanan\OneDrive\Desktop\BasicsJS\projects\FundooNote\FundoNote\node_modules\@babel\runtime\helpers\regeneratorRuntime.js:44:17)
    at Generator.<anonymous> (C:\Users\Gajanan\OneDrive\Desktop\BasicsJS\projects\FundooNote\FundoNote\node_modules\@babel\runtime\helpers\regeneratorRuntime.js:125:22)
    at Generator.next (C:\Users\Gajanan\OneDrive\Desktop\BasicsJS\projects\FundooNote\FundoNote\node_modules\@babel\runtime\helpers\regeneratorRuntime.js:69:21)
    at asyncGeneratorStep (C:\Users\Gajanan\OneDrive\Desktop\BasicsJS\projects\FundooNote\FundoNote\node_modules\@babel\runtime\helpers\asyncToGenerator.js:3:24)
    at _next (C:\Users\Gajanan\OneDrive\Desktop\BasicsJS\projects\FundooNote\FundoNote\node_modules\@babel\runtime\helpers\asyncToGenerator.js:22:9)
    at processTicksAndRejections (node:internal/process/task_queues:95:5) 
    url - /api/v1/users/loginuser 
    method - POST 
    IP - ::ffff:127.0.0.1
   {"timestamp":"2022-12-29T06:34:51.902Z"}
error: 
    status - 500 
    message - Error: Password is Invalid
    at _callee3$ (C:\Users\Gajanan\OneDrive\Desktop\BasicsJS\projects\FundooNote\FundoNote\src\services\/user.service.js:40:13)
    at tryCatch (C:\Users\Gajanan\OneDrive\Desktop\BasicsJS\projects\FundooNote\FundoNote\node_modules\@babel\runtime\helpers\regeneratorRuntime.js:44:17)
    at Generator.<anonymous> (C:\Users\Gajanan\OneDrive\Desktop\BasicsJS\projects\FundooNote\FundoNote\node_modules\@babel\runtime\helpers\regeneratorRuntime.js:125:22)
    at Generator.next (C:\Users\Gajanan\OneDrive\Desktop\BasicsJS\projects\FundooNote\FundoNote\node_modules\@babel\runtime\helpers\regeneratorRuntime.js:69:21)
    at asyncGeneratorStep (C:\Users\Gajanan\OneDrive\Desktop\BasicsJS\projects\FundooNote\FundoNote\node_modules\@babel\runtime\helpers\asyncToGenerator.js:3:24)
    at _next (C:\Users\Gajanan\OneDrive\Desktop\BasicsJS\projects\FundooNote\FundoNote\node_modules\@babel\runtime\helpers\asyncToGenerator.js:22:9) 
    url - /api/v1/users/loginuser 
    method - POST 
    IP - ::ffff:127.0.0.1
   {"timestamp":"2022-12-29T06:34:52.260Z"}
info: Server started at http://localhost:5000/api/v1/ {"timestamp":"2022-12-29T10:52:34.600Z"}
info: Connected to the database. {"timestamp":"2022-12-29T10:52:37.731Z"}
error: 
    status - 500 
    message - ValidationError: "lastName" length must be at least 2 characters long 
    url - /api/v1/users/register 
    method - POST 
    IP - ::ffff:127.0.0.1
   {"timestamp":"2022-12-29T10:52:39.414Z"}
error: 
    status - 500 
    message - ValidationError: "firstName" length must be at least 4 characters long 
    url - /api/v1/users/register 
    method - POST 
    IP - ::ffff:127.0.0.1
   {"timestamp":"2022-12-29T10:52:39.432Z"}
error: 
    status - 500 
    message - Error: Invalid  EmailId
    at _callee3$ (C:\Users\Gajanan\OneDrive\Desktop\BasicsJS\projects\FundooNote\FundoNote\src\services\/user.service.js:43:11)
    at tryCatch (C:\Users\Gajanan\OneDrive\Desktop\BasicsJS\projects\FundooNote\FundoNote\node_modules\@babel\runtime\helpers\regeneratorRuntime.js:44:17)
    at Generator.<anonymous> (C:\Users\Gajanan\OneDrive\Desktop\BasicsJS\projects\FundooNote\FundoNote\node_modules\@babel\runtime\helpers\regeneratorRuntime.js:125:22)
    at Generator.next (C:\Users\Gajanan\OneDrive\Desktop\BasicsJS\projects\FundooNote\FundoNote\node_modules\@babel\runtime\helpers\regeneratorRuntime.js:69:21)
    at asyncGeneratorStep (C:\Users\Gajanan\OneDrive\Desktop\BasicsJS\projects\FundooNote\FundoNote\node_modules\@babel\runtime\helpers\asyncToGenerator.js:3:24)
    at _next (C:\Users\Gajanan\OneDrive\Desktop\BasicsJS\projects\FundooNote\FundoNote\node_modules\@babel\runtime\helpers\asyncToGenerator.js:22:9)
    at processTicksAndRejections (node:internal/process/task_queues:95:5) 
    url - /api/v1/users/loginuser 
    method - POST 
    IP - ::ffff:127.0.0.1
   {"timestamp":"2022-12-29T10:52:40.263Z"}
error: 
    status - 500 
    message - Error: Password is Invalid
    at _callee3$ (C:\Users\Gajanan\OneDrive\Desktop\BasicsJS\projects\FundooNote\FundoNote\src\services\/user.service.js:40:13)
    at tryCatch (C:\Users\Gajanan\OneDrive\Desktop\BasicsJS\projects\FundooNote\FundoNote\node_modules\@babel\runtime\helpers\regeneratorRuntime.js:44:17)
    at Generator.<anonymous> (C:\Users\Gajanan\OneDrive\Desktop\BasicsJS\projects\FundooNote\FundoNote\node_modules\@babel\runtime\helpers\regeneratorRuntime.js:125:22)
    at Generator.next (C:\Users\Gajanan\OneDrive\Desktop\BasicsJS\projects\FundooNote\FundoNote\node_modules\@babel\runtime\helpers\regeneratorRuntime.js:69:21)
    at asyncGeneratorStep (C:\Users\Gajanan\OneDrive\Desktop\BasicsJS\projects\FundooNote\FundoNote\node_modules\@babel\runtime\helpers\asyncToGenerator.js:3:24)
    at _next (C:\Users\Gajanan\OneDrive\Desktop\BasicsJS\projects\FundooNote\FundoNote\node_modules\@babel\runtime\helpers\asyncToGenerator.js:22:9) 
    url - /api/v1/users/loginuser 
    method - POST 
    IP - ::ffff:127.0.0.1
   {"timestamp":"2022-12-29T10:52:41.230Z"}
info: Server started at http://localhost:5000/api/v1/ {"timestamp":"2022-12-29T11:03:46.439Z"}
info: Connected to the database. {"timestamp":"2022-12-29T11:03:49.456Z"}
error: 
    status - 500 
    message - ValidationError: "lastName" length must be at least 2 characters long 
    url - /api/v1/users/register 
    method - POST 
    IP - ::ffff:127.0.0.1
   {"timestamp":"2022-12-29T11:03:50.717Z"}
error: 
    status - 500 
    message - ValidationError: "firstName" length must be at least 4 characters long 
    url - /api/v1/users/register 
    method - POST 
    IP - ::ffff:127.0.0.1
   {"timestamp":"2022-12-29T11:03:50.731Z"}
error: 
    status - 500 
    message - Error: Invalid  EmailId
    at _callee3$ (C:\Users\Gajanan\OneDrive\Desktop\BasicsJS\projects\FundooNote\FundoNote\src\services\/user.service.js:43:11)
    at tryCatch (C:\Users\Gajanan\OneDrive\Desktop\BasicsJS\projects\FundooNote\FundoNote\node_modules\@babel\runtime\helpers\regeneratorRuntime.js:44:17)
    at Generator.<anonymous> (C:\Users\Gajanan\OneDrive\Desktop\BasicsJS\projects\FundooNote\FundoNote\node_modules\@babel\runtime\helpers\regeneratorRuntime.js:125:22)
    at Generator.next (C:\Users\Gajanan\OneDrive\Desktop\BasicsJS\projects\FundooNote\FundoNote\node_modules\@babel\runtime\helpers\regeneratorRuntime.js:69:21)
    at asyncGeneratorStep (C:\Users\Gajanan\OneDrive\Desktop\BasicsJS\projects\FundooNote\FundoNote\node_modules\@babel\runtime\helpers\asyncToGenerator.js:3:24)
    at _next (C:\Users\Gajanan\OneDrive\Desktop\BasicsJS\projects\FundooNote\FundoNote\node_modules\@babel\runtime\helpers\asyncToGenerator.js:22:9)
    at processTicksAndRejections (node:internal/process/task_queues:95:5) 
    url - /api/v1/users/loginuser 
    method - POST 
    IP - ::ffff:127.0.0.1
   {"timestamp":"2022-12-29T11:03:51.424Z"}
error: 
    status - 500 
    message - Error: Password is Invalid
    at _callee3$ (C:\Users\Gajanan\OneDrive\Desktop\BasicsJS\projects\FundooNote\FundoNote\src\services\/user.service.js:40:13)
    at tryCatch (C:\Users\Gajanan\OneDrive\Desktop\BasicsJS\projects\FundooNote\FundoNote\node_modules\@babel\runtime\helpers\regeneratorRuntime.js:44:17)
    at Generator.<anonymous> (C:\Users\Gajanan\OneDrive\Desktop\BasicsJS\projects\FundooNote\FundoNote\node_modules\@babel\runtime\helpers\regeneratorRuntime.js:125:22)
    at Generator.next (C:\Users\Gajanan\OneDrive\Desktop\BasicsJS\projects\FundooNote\FundoNote\node_modules\@babel\runtime\helpers\regeneratorRuntime.js:69:21)
    at asyncGeneratorStep (C:\Users\Gajanan\OneDrive\Desktop\BasicsJS\projects\FundooNote\FundoNote\node_modules\@babel\runtime\helpers\asyncToGenerator.js:3:24)
    at _next (C:\Users\Gajanan\OneDrive\Desktop\BasicsJS\projects\FundooNote\FundoNote\node_modules\@babel\runtime\helpers\asyncToGenerator.js:22:9) 
    url - /api/v1/users/loginuser 
    method - POST 
    IP - ::ffff:127.0.0.1
   {"timestamp":"2022-12-29T11:03:51.842Z"}
info: Server started at http://localhost:5000/api/v1/ {"timestamp":"2022-12-29T11:05:26.358Z"}
info: Connected to the database. {"timestamp":"2022-12-29T11:05:28.910Z"}
error: 
    status - 500 
    message - ValidationError: "lastName" length must be at least 2 characters long 
    url - /api/v1/users/register 
    method - POST 
    IP - ::ffff:127.0.0.1
   {"timestamp":"2022-12-29T11:05:29.949Z"}
error: 
    status - 500 
    message - ValidationError: "firstName" length must be at least 4 characters long 
    url - /api/v1/users/register 
    method - POST 
    IP - ::ffff:127.0.0.1
   {"timestamp":"2022-12-29T11:05:29.966Z"}
error: 
    status - 500 
    message - Error: Invalid  EmailId
    at _callee3$ (C:\Users\Gajanan\OneDrive\Desktop\BasicsJS\projects\FundooNote\FundoNote\src\services\/user.service.js:43:11)
    at tryCatch (C:\Users\Gajanan\OneDrive\Desktop\BasicsJS\projects\FundooNote\FundoNote\node_modules\@babel\runtime\helpers\regeneratorRuntime.js:44:17)
    at Generator.<anonymous> (C:\Users\Gajanan\OneDrive\Desktop\BasicsJS\projects\FundooNote\FundoNote\node_modules\@babel\runtime\helpers\regeneratorRuntime.js:125:22)
    at Generator.next (C:\Users\Gajanan\OneDrive\Desktop\BasicsJS\projects\FundooNote\FundoNote\node_modules\@babel\runtime\helpers\regeneratorRuntime.js:69:21)
    at asyncGeneratorStep (C:\Users\Gajanan\OneDrive\Desktop\BasicsJS\projects\FundooNote\FundoNote\node_modules\@babel\runtime\helpers\asyncToGenerator.js:3:24)
    at _next (C:\Users\Gajanan\OneDrive\Desktop\BasicsJS\projects\FundooNote\FundoNote\node_modules\@babel\runtime\helpers\asyncToGenerator.js:22:9)
    at processTicksAndRejections (node:internal/process/task_queues:95:5) 
    url - /api/v1/users/loginuser 
    method - POST 
    IP - ::ffff:127.0.0.1
   {"timestamp":"2022-12-29T11:05:30.616Z"}
error: 
    status - 500 
    message - Error: Password is Invalid
    at _callee3$ (C:\Users\Gajanan\OneDrive\Desktop\BasicsJS\projects\FundooNote\FundoNote\src\services\/user.service.js:40:13)
    at tryCatch (C:\Users\Gajanan\OneDrive\Desktop\BasicsJS\projects\FundooNote\FundoNote\node_modules\@babel\runtime\helpers\regeneratorRuntime.js:44:17)
    at Generator.<anonymous> (C:\Users\Gajanan\OneDrive\Desktop\BasicsJS\projects\FundooNote\FundoNote\node_modules\@babel\runtime\helpers\regeneratorRuntime.js:125:22)
    at Generator.next (C:\Users\Gajanan\OneDrive\Desktop\BasicsJS\projects\FundooNote\FundoNote\node_modules\@babel\runtime\helpers\regeneratorRuntime.js:69:21)
    at asyncGeneratorStep (C:\Users\Gajanan\OneDrive\Desktop\BasicsJS\projects\FundooNote\FundoNote\node_modules\@babel\runtime\helpers\asyncToGenerator.js:3:24)
    at _next (C:\Users\Gajanan\OneDrive\Desktop\BasicsJS\projects\FundooNote\FundoNote\node_modules\@babel\runtime\helpers\asyncToGenerator.js:22:9) 
    url - /api/v1/users/loginuser 
    method - POST 
    IP - ::ffff:127.0.0.1
   {"timestamp":"2022-12-29T11:05:30.962Z"}
info: Server started at http://localhost:5000/api/v1/ {"timestamp":"2022-12-29T11:06:37.853Z"}
info: Connected to the database. {"timestamp":"2022-12-29T11:06:40.600Z"}
error: 
    status - 500 
    message - CastError: Cast to ObjectId failed for value "add" (type string) at path "_id" for model "notes"
    at model.Query.exec (C:\Users\Gajanan\OneDrive\Desktop\BasicsJS\projects\FundooNote\FundoNote\node_modules\mongoose\lib\query.js:4498:21)
    at model.Query.Query.then (C:\Users\Gajanan\OneDrive\Desktop\BasicsJS\projects\FundooNote\FundoNote\node_modules\mongoose\lib\query.js:4592:15)
    at processTicksAndRejections (node:internal/process/task_queues:95:5) 
    url - /api/v1/notes/add 
    method - GET 
    IP - ::1
   {"timestamp":"2022-12-29T11:10:22.078Z"}
info: Server started at http://localhost:5000/api/v1/ {"timestamp":"2022-12-29T11:11:51.710Z"}
info: Connected to the database. {"timestamp":"2022-12-29T11:11:54.399Z"}
error: 
    status - 500 
    message - ValidationError: "lastName" length must be at least 2 characters long 
    url - /api/v1/users/register 
    method - POST 
    IP - ::ffff:127.0.0.1
   {"timestamp":"2022-12-29T11:11:55.421Z"}
error: 
    status - 500 
    message - ValidationError: "firstName" length must be at least 4 characters long 
    url - /api/v1/users/register 
    method - POST 
    IP - ::ffff:127.0.0.1
   {"timestamp":"2022-12-29T11:11:55.439Z"}
error: 
    status - 500 
    message - Error: Invalid  EmailId
    at _callee3$ (C:\Users\Gajanan\OneDrive\Desktop\BasicsJS\projects\FundooNote\FundoNote\src\services\/user.service.js:43:11)
    at tryCatch (C:\Users\Gajanan\OneDrive\Desktop\BasicsJS\projects\FundooNote\FundoNote\node_modules\@babel\runtime\helpers\regeneratorRuntime.js:44:17)
    at Generator.<anonymous> (C:\Users\Gajanan\OneDrive\Desktop\BasicsJS\projects\FundooNote\FundoNote\node_modules\@babel\runtime\helpers\regeneratorRuntime.js:125:22)
    at Generator.next (C:\Users\Gajanan\OneDrive\Desktop\BasicsJS\projects\FundooNote\FundoNote\node_modules\@babel\runtime\helpers\regeneratorRuntime.js:69:21)
    at asyncGeneratorStep (C:\Users\Gajanan\OneDrive\Desktop\BasicsJS\projects\FundooNote\FundoNote\node_modules\@babel\runtime\helpers\asyncToGenerator.js:3:24)
    at _next (C:\Users\Gajanan\OneDrive\Desktop\BasicsJS\projects\FundooNote\FundoNote\node_modules\@babel\runtime\helpers\asyncToGenerator.js:22:9)
    at processTicksAndRejections (node:internal/process/task_queues:95:5) 
    url - /api/v1/users/loginuser 
    method - POST 
    IP - ::ffff:127.0.0.1
   {"timestamp":"2022-12-29T11:11:56.049Z"}
error: 
    status - 500 
    message - Error: Password is Invalid
    at _callee3$ (C:\Users\Gajanan\OneDrive\Desktop\BasicsJS\projects\FundooNote\FundoNote\src\services\/user.service.js:40:13)
    at tryCatch (C:\Users\Gajanan\OneDrive\Desktop\BasicsJS\projects\FundooNote\FundoNote\node_modules\@babel\runtime\helpers\regeneratorRuntime.js:44:17)
    at Generator.<anonymous> (C:\Users\Gajanan\OneDrive\Desktop\BasicsJS\projects\FundooNote\FundoNote\node_modules\@babel\runtime\helpers\regeneratorRuntime.js:125:22)
    at Generator.next (C:\Users\Gajanan\OneDrive\Desktop\BasicsJS\projects\FundooNote\FundoNote\node_modules\@babel\runtime\helpers\regeneratorRuntime.js:69:21)
    at asyncGeneratorStep (C:\Users\Gajanan\OneDrive\Desktop\BasicsJS\projects\FundooNote\FundoNote\node_modules\@babel\runtime\helpers\asyncToGenerator.js:3:24)
    at _next (C:\Users\Gajanan\OneDrive\Desktop\BasicsJS\projects\FundooNote\FundoNote\node_modules\@babel\runtime\helpers\asyncToGenerator.js:22:9) 
    url - /api/v1/users/loginuser 
    method - POST 
    IP - ::ffff:127.0.0.1
   {"timestamp":"2022-12-29T11:11:56.428Z"}
info: Server started at http://localhost:5000/api/v1/ {"timestamp":"2022-12-29T12:03:06.804Z"}
info: Connected to the database. {"timestamp":"2022-12-29T12:03:10.525Z"}
error: 
    status - 500 
    message - ValidationError: "lastName" length must be at least 2 characters long 
    url - /api/v1/users/register 
    method - POST 
    IP - ::ffff:127.0.0.1
   {"timestamp":"2022-12-29T12:03:11.953Z"}
error: 
    status - 500 
    message - ValidationError: "firstName" length must be at least 4 characters long 
    url - /api/v1/users/register 
    method - POST 
    IP - ::ffff:127.0.0.1
   {"timestamp":"2022-12-29T12:03:11.967Z"}
error: 
    status - 500 
    message - Error: Invalid  EmailId
    at _callee3$ (C:\Users\Gajanan\OneDrive\Desktop\BasicsJS\projects\FundooNote\FundoNote\src\services\/user.service.js:43:11)
    at tryCatch (C:\Users\Gajanan\OneDrive\Desktop\BasicsJS\projects\FundooNote\FundoNote\node_modules\@babel\runtime\helpers\regeneratorRuntime.js:44:17)
    at Generator.<anonymous> (C:\Users\Gajanan\OneDrive\Desktop\BasicsJS\projects\FundooNote\FundoNote\node_modules\@babel\runtime\helpers\regeneratorRuntime.js:125:22)
    at Generator.next (C:\Users\Gajanan\OneDrive\Desktop\BasicsJS\projects\FundooNote\FundoNote\node_modules\@babel\runtime\helpers\regeneratorRuntime.js:69:21)
    at asyncGeneratorStep (C:\Users\Gajanan\OneDrive\Desktop\BasicsJS\projects\FundooNote\FundoNote\node_modules\@babel\runtime\helpers\asyncToGenerator.js:3:24)
    at _next (C:\Users\Gajanan\OneDrive\Desktop\BasicsJS\projects\FundooNote\FundoNote\node_modules\@babel\runtime\helpers\asyncToGenerator.js:22:9)
    at processTicksAndRejections (node:internal/process/task_queues:95:5) 
    url - /api/v1/users/loginuser 
    method - POST 
    IP - ::ffff:127.0.0.1
   {"timestamp":"2022-12-29T12:03:12.710Z"}
error: 
    status - 500 
    message - Error: Password is Invalid
    at _callee3$ (C:\Users\Gajanan\OneDrive\Desktop\BasicsJS\projects\FundooNote\FundoNote\src\services\/user.service.js:40:13)
    at tryCatch (C:\Users\Gajanan\OneDrive\Desktop\BasicsJS\projects\FundooNote\FundoNote\node_modules\@babel\runtime\helpers\regeneratorRuntime.js:44:17)
    at Generator.<anonymous> (C:\Users\Gajanan\OneDrive\Desktop\BasicsJS\projects\FundooNote\FundoNote\node_modules\@babel\runtime\helpers\regeneratorRuntime.js:125:22)
    at Generator.next (C:\Users\Gajanan\OneDrive\Desktop\BasicsJS\projects\FundooNote\FundoNote\node_modules\@babel\runtime\helpers\regeneratorRuntime.js:69:21)
    at asyncGeneratorStep (C:\Users\Gajanan\OneDrive\Desktop\BasicsJS\projects\FundooNote\FundoNote\node_modules\@babel\runtime\helpers\asyncToGenerator.js:3:24)
    at _next (C:\Users\Gajanan\OneDrive\Desktop\BasicsJS\projects\FundooNote\FundoNote\node_modules\@babel\runtime\helpers\asyncToGenerator.js:22:9) 
    url - /api/v1/users/loginuser 
    method - POST 
    IP - ::ffff:127.0.0.1
   {"timestamp":"2022-12-29T12:03:13.720Z"}
info: Server started at http://localhost:5000/api/v1/ {"timestamp":"2022-12-29T13:35:45.186Z"}
info: Connected to the database. {"timestamp":"2022-12-29T13:35:49.034Z"}
error: 
    status - 500 
    message - ValidationError: "lastName" length must be at least 2 characters long 
    url - /api/v1/users/register 
    method - POST 
    IP - ::ffff:127.0.0.1
   {"timestamp":"2022-12-29T13:35:50.517Z"}
error: 
    status - 500 
    message - ValidationError: "firstName" length must be at least 4 characters long 
    url - /api/v1/users/register 
    method - POST 
    IP - ::ffff:127.0.0.1
   {"timestamp":"2022-12-29T13:35:50.556Z"}
error: 
    status - 500 
    message - Error: Invalid  EmailId
    at _callee3$ (C:\Users\Gajanan\OneDrive\Desktop\BasicsJS\projects\FundooNote\FundoNote\src\services\/user.service.js:43:11)
    at tryCatch (C:\Users\Gajanan\OneDrive\Desktop\BasicsJS\projects\FundooNote\FundoNote\node_modules\@babel\runtime\helpers\regeneratorRuntime.js:44:17)
    at Generator.<anonymous> (C:\Users\Gajanan\OneDrive\Desktop\BasicsJS\projects\FundooNote\FundoNote\node_modules\@babel\runtime\helpers\regeneratorRuntime.js:125:22)
    at Generator.next (C:\Users\Gajanan\OneDrive\Desktop\BasicsJS\projects\FundooNote\FundoNote\node_modules\@babel\runtime\helpers\regeneratorRuntime.js:69:21)
    at asyncGeneratorStep (C:\Users\Gajanan\OneDrive\Desktop\BasicsJS\projects\FundooNote\FundoNote\node_modules\@babel\runtime\helpers\asyncToGenerator.js:3:24)
    at _next (C:\Users\Gajanan\OneDrive\Desktop\BasicsJS\projects\FundooNote\FundoNote\node_modules\@babel\runtime\helpers\asyncToGenerator.js:22:9)
    at processTicksAndRejections (node:internal/process/task_queues:95:5) 
    url - /api/v1/users/loginuser 
    method - POST 
    IP - ::ffff:127.0.0.1
   {"timestamp":"2022-12-29T13:35:51.201Z"}
error: 
    status - 500 
    message - Error: Password is Invalid
    at _callee3$ (C:\Users\Gajanan\OneDrive\Desktop\BasicsJS\projects\FundooNote\FundoNote\src\services\/user.service.js:40:13)
    at tryCatch (C:\Users\Gajanan\OneDrive\Desktop\BasicsJS\projects\FundooNote\FundoNote\node_modules\@babel\runtime\helpers\regeneratorRuntime.js:44:17)
    at Generator.<anonymous> (C:\Users\Gajanan\OneDrive\Desktop\BasicsJS\projects\FundooNote\FundoNote\node_modules\@babel\runtime\helpers\regeneratorRuntime.js:125:22)
    at Generator.next (C:\Users\Gajanan\OneDrive\Desktop\BasicsJS\projects\FundooNote\FundoNote\node_modules\@babel\runtime\helpers\regeneratorRuntime.js:69:21)
    at asyncGeneratorStep (C:\Users\Gajanan\OneDrive\Desktop\BasicsJS\projects\FundooNote\FundoNote\node_modules\@babel\runtime\helpers\asyncToGenerator.js:3:24)
    at _next (C:\Users\Gajanan\OneDrive\Desktop\BasicsJS\projects\FundooNote\FundoNote\node_modules\@babel\runtime\helpers\asyncToGenerator.js:22:9) 
    url - /api/v1/users/loginuser 
    method - POST 
    IP - ::ffff:127.0.0.1
   {"timestamp":"2022-12-29T13:35:51.538Z"}
info: Server started at http://localhost:5000/api/v1/ {"timestamp":"2022-12-29T17:55:40.998Z"}
info: Connected to the database. {"timestamp":"2022-12-29T17:55:44.810Z"}
error: 
    status - 500 
    message - ValidationError: "lastName" length must be at least 2 characters long 
    url - /api/v1/users/register 
    method - POST 
    IP - ::ffff:127.0.0.1
   {"timestamp":"2022-12-29T17:55:46.077Z"}
error: 
    status - 500 
    message - ValidationError: "firstName" length must be at least 4 characters long 
    url - /api/v1/users/register 
    method - POST 
    IP - ::ffff:127.0.0.1
   {"timestamp":"2022-12-29T17:55:46.094Z"}
error: 
    status - 500 
    message - Error: Invalid  EmailId
    at _callee3$ (C:\Users\Gajanan\OneDrive\Desktop\BasicsJS\projects\FundooNote\FundoNote\src\services\/user.service.js:43:11)
    at tryCatch (C:\Users\Gajanan\OneDrive\Desktop\BasicsJS\projects\FundooNote\FundoNote\node_modules\@babel\runtime\helpers\regeneratorRuntime.js:44:17)
    at Generator.<anonymous> (C:\Users\Gajanan\OneDrive\Desktop\BasicsJS\projects\FundooNote\FundoNote\node_modules\@babel\runtime\helpers\regeneratorRuntime.js:125:22)
    at Generator.next (C:\Users\Gajanan\OneDrive\Desktop\BasicsJS\projects\FundooNote\FundoNote\node_modules\@babel\runtime\helpers\regeneratorRuntime.js:69:21)
    at asyncGeneratorStep (C:\Users\Gajanan\OneDrive\Desktop\BasicsJS\projects\FundooNote\FundoNote\node_modules\@babel\runtime\helpers\asyncToGenerator.js:3:24)
    at _next (C:\Users\Gajanan\OneDrive\Desktop\BasicsJS\projects\FundooNote\FundoNote\node_modules\@babel\runtime\helpers\asyncToGenerator.js:22:9)
    at processTicksAndRejections (node:internal/process/task_queues:95:5) 
    url - /api/v1/users/loginuser 
    method - POST 
    IP - ::ffff:127.0.0.1
   {"timestamp":"2022-12-29T17:55:46.701Z"}
error: 
    status - 500 
    message - Error: Password is Invalid
    at _callee3$ (C:\Users\Gajanan\OneDrive\Desktop\BasicsJS\projects\FundooNote\FundoNote\src\services\/user.service.js:40:13)
    at tryCatch (C:\Users\Gajanan\OneDrive\Desktop\BasicsJS\projects\FundooNote\FundoNote\node_modules\@babel\runtime\helpers\regeneratorRuntime.js:44:17)
    at Generator.<anonymous> (C:\Users\Gajanan\OneDrive\Desktop\BasicsJS\projects\FundooNote\FundoNote\node_modules\@babel\runtime\helpers\regeneratorRuntime.js:125:22)
    at Generator.next (C:\Users\Gajanan\OneDrive\Desktop\BasicsJS\projects\FundooNote\FundoNote\node_modules\@babel\runtime\helpers\regeneratorRuntime.js:69:21)
    at asyncGeneratorStep (C:\Users\Gajanan\OneDrive\Desktop\BasicsJS\projects\FundooNote\FundoNote\node_modules\@babel\runtime\helpers\asyncToGenerator.js:3:24)
    at _next (C:\Users\Gajanan\OneDrive\Desktop\BasicsJS\projects\FundooNote\FundoNote\node_modules\@babel\runtime\helpers\asyncToGenerator.js:22:9) 
    url - /api/v1/users/loginuser 
    method - POST 
    IP - ::ffff:127.0.0.1
   {"timestamp":"2022-12-29T17:55:47.201Z"}
error: 
      status - 400
      message - Authorization token is required 
      url - /api/v1/notes/add 
      method - POST 
      IP - ::ffff:127.0.0.1
     {"timestamp":"2022-12-29T17:55:47.601Z"}
info: Server started at http://localhost:5000/api/v1/ {"timestamp":"2022-12-29T17:56:30.171Z"}
info: Connected to the database. {"timestamp":"2022-12-29T17:56:32.926Z"}
error: 
    status - 500 
    message - ValidationError: "lastName" length must be at least 2 characters long 
    url - /api/v1/users/register 
    method - POST 
    IP - ::ffff:127.0.0.1
   {"timestamp":"2022-12-29T17:56:33.981Z"}
error: 
    status - 500 
    message - ValidationError: "firstName" length must be at least 4 characters long 
    url - /api/v1/users/register 
    method - POST 
    IP - ::ffff:127.0.0.1
   {"timestamp":"2022-12-29T17:56:34.001Z"}
error: 
    status - 500 
    message - Error: Invalid  EmailId
    at _callee3$ (C:\Users\Gajanan\OneDrive\Desktop\BasicsJS\projects\FundooNote\FundoNote\src\services\/user.service.js:43:11)
    at tryCatch (C:\Users\Gajanan\OneDrive\Desktop\BasicsJS\projects\FundooNote\FundoNote\node_modules\@babel\runtime\helpers\regeneratorRuntime.js:44:17)
    at Generator.<anonymous> (C:\Users\Gajanan\OneDrive\Desktop\BasicsJS\projects\FundooNote\FundoNote\node_modules\@babel\runtime\helpers\regeneratorRuntime.js:125:22)
    at Generator.next (C:\Users\Gajanan\OneDrive\Desktop\BasicsJS\projects\FundooNote\FundoNote\node_modules\@babel\runtime\helpers\regeneratorRuntime.js:69:21)
    at asyncGeneratorStep (C:\Users\Gajanan\OneDrive\Desktop\BasicsJS\projects\FundooNote\FundoNote\node_modules\@babel\runtime\helpers\asyncToGenerator.js:3:24)
    at _next (C:\Users\Gajanan\OneDrive\Desktop\BasicsJS\projects\FundooNote\FundoNote\node_modules\@babel\runtime\helpers\asyncToGenerator.js:22:9)
    at processTicksAndRejections (node:internal/process/task_queues:95:5) 
    url - /api/v1/users/loginuser 
    method - POST 
    IP - ::ffff:127.0.0.1
   {"timestamp":"2022-12-29T17:56:34.648Z"}
error: 
    status - 500 
    message - Error: Password is Invalid
    at _callee3$ (C:\Users\Gajanan\OneDrive\Desktop\BasicsJS\projects\FundooNote\FundoNote\src\services\/user.service.js:40:13)
    at tryCatch (C:\Users\Gajanan\OneDrive\Desktop\BasicsJS\projects\FundooNote\FundoNote\node_modules\@babel\runtime\helpers\regeneratorRuntime.js:44:17)
    at Generator.<anonymous> (C:\Users\Gajanan\OneDrive\Desktop\BasicsJS\projects\FundooNote\FundoNote\node_modules\@babel\runtime\helpers\regeneratorRuntime.js:125:22)
    at Generator.next (C:\Users\Gajanan\OneDrive\Desktop\BasicsJS\projects\FundooNote\FundoNote\node_modules\@babel\runtime\helpers\regeneratorRuntime.js:69:21)
    at asyncGeneratorStep (C:\Users\Gajanan\OneDrive\Desktop\BasicsJS\projects\FundooNote\FundoNote\node_modules\@babel\runtime\helpers\asyncToGenerator.js:3:24)
    at _next (C:\Users\Gajanan\OneDrive\Desktop\BasicsJS\projects\FundooNote\FundoNote\node_modules\@babel\runtime\helpers\asyncToGenerator.js:22:9) 
    url - /api/v1/users/loginuser 
    method - POST 
    IP - ::ffff:127.0.0.1
   {"timestamp":"2022-12-29T17:56:35.020Z"}
error: 
      status - 400
      message - Authorization token is required 
      url - /api/v1/notes/add 
      method - POST 
      IP - ::ffff:127.0.0.1
     {"timestamp":"2022-12-29T17:56:35.515Z"}
info: Server started at http://localhost:5000/api/v1/ {"timestamp":"2022-12-29T17:57:17.668Z"}
info: Connected to the database. {"timestamp":"2022-12-29T17:57:20.354Z"}
error: 
    status - 500 
    message - ValidationError: "lastName" length must be at least 2 characters long 
    url - /api/v1/users/register 
    method - POST 
    IP - ::ffff:127.0.0.1
   {"timestamp":"2022-12-29T17:57:21.361Z"}
error: 
    status - 500 
    message - ValidationError: "firstName" length must be at least 4 characters long 
    url - /api/v1/users/register 
    method - POST 
    IP - ::ffff:127.0.0.1
   {"timestamp":"2022-12-29T17:57:21.377Z"}
error: 
    status - 500 
    message - Error: Invalid  EmailId
    at _callee3$ (C:\Users\Gajanan\OneDrive\Desktop\BasicsJS\projects\FundooNote\FundoNote\src\services\/user.service.js:43:11)
    at tryCatch (C:\Users\Gajanan\OneDrive\Desktop\BasicsJS\projects\FundooNote\FundoNote\node_modules\@babel\runtime\helpers\regeneratorRuntime.js:44:17)
    at Generator.<anonymous> (C:\Users\Gajanan\OneDrive\Desktop\BasicsJS\projects\FundooNote\FundoNote\node_modules\@babel\runtime\helpers\regeneratorRuntime.js:125:22)
    at Generator.next (C:\Users\Gajanan\OneDrive\Desktop\BasicsJS\projects\FundooNote\FundoNote\node_modules\@babel\runtime\helpers\regeneratorRuntime.js:69:21)
    at asyncGeneratorStep (C:\Users\Gajanan\OneDrive\Desktop\BasicsJS\projects\FundooNote\FundoNote\node_modules\@babel\runtime\helpers\asyncToGenerator.js:3:24)
    at _next (C:\Users\Gajanan\OneDrive\Desktop\BasicsJS\projects\FundooNote\FundoNote\node_modules\@babel\runtime\helpers\asyncToGenerator.js:22:9)
    at processTicksAndRejections (node:internal/process/task_queues:95:5) 
    url - /api/v1/users/loginuser 
    method - POST 
    IP - ::ffff:127.0.0.1
   {"timestamp":"2022-12-29T17:57:22.000Z"}
error: 
    status - 500 
    message - Error: Password is Invalid
    at _callee3$ (C:\Users\Gajanan\OneDrive\Desktop\BasicsJS\projects\FundooNote\FundoNote\src\services\/user.service.js:40:13)
    at tryCatch (C:\Users\Gajanan\OneDrive\Desktop\BasicsJS\projects\FundooNote\FundoNote\node_modules\@babel\runtime\helpers\regeneratorRuntime.js:44:17)
    at Generator.<anonymous> (C:\Users\Gajanan\OneDrive\Desktop\BasicsJS\projects\FundooNote\FundoNote\node_modules\@babel\runtime\helpers\regeneratorRuntime.js:125:22)
    at Generator.next (C:\Users\Gajanan\OneDrive\Desktop\BasicsJS\projects\FundooNote\FundoNote\node_modules\@babel\runtime\helpers\regeneratorRuntime.js:69:21)
    at asyncGeneratorStep (C:\Users\Gajanan\OneDrive\Desktop\BasicsJS\projects\FundooNote\FundoNote\node_modules\@babel\runtime\helpers\asyncToGenerator.js:3:24)
    at _next (C:\Users\Gajanan\OneDrive\Desktop\BasicsJS\projects\FundooNote\FundoNote\node_modules\@babel\runtime\helpers\asyncToGenerator.js:22:9) 
    url - /api/v1/users/loginuser 
    method - POST 
    IP - ::ffff:127.0.0.1
   {"timestamp":"2022-12-29T17:57:22.374Z"}
error: 
      status - 400
      message - Authorization token is required 
      url - /api/v1/notes/add 
      method - POST 
      IP - ::ffff:127.0.0.1
     {"timestamp":"2022-12-29T17:57:22.676Z"}
info: Server started at http://localhost:5000/api/v1/ {"timestamp":"2022-12-29T18:05:00.046Z"}
info: Connected to the database. {"timestamp":"2022-12-29T18:05:03.120Z"}
error: 
    status - 500 
    message - ValidationError: "lastName" length must be at least 2 characters long 
    url - /api/v1/users/register 
    method - POST 
    IP - ::ffff:127.0.0.1
   {"timestamp":"2022-12-29T18:05:04.215Z"}
error: 
    status - 500 
    message - ValidationError: "firstName" length must be at least 4 characters long 
    url - /api/v1/users/register 
    method - POST 
    IP - ::ffff:127.0.0.1
   {"timestamp":"2022-12-29T18:05:04.233Z"}
error: 
    status - 500 
    message - Error: Invalid  EmailId
    at _callee3$ (C:\Users\Gajanan\OneDrive\Desktop\BasicsJS\projects\FundooNote\FundoNote\src\services\/user.service.js:43:11)
    at tryCatch (C:\Users\Gajanan\OneDrive\Desktop\BasicsJS\projects\FundooNote\FundoNote\node_modules\@babel\runtime\helpers\regeneratorRuntime.js:44:17)
    at Generator.<anonymous> (C:\Users\Gajanan\OneDrive\Desktop\BasicsJS\projects\FundooNote\FundoNote\node_modules\@babel\runtime\helpers\regeneratorRuntime.js:125:22)
    at Generator.next (C:\Users\Gajanan\OneDrive\Desktop\BasicsJS\projects\FundooNote\FundoNote\node_modules\@babel\runtime\helpers\regeneratorRuntime.js:69:21)
    at asyncGeneratorStep (C:\Users\Gajanan\OneDrive\Desktop\BasicsJS\projects\FundooNote\FundoNote\node_modules\@babel\runtime\helpers\asyncToGenerator.js:3:24)
    at _next (C:\Users\Gajanan\OneDrive\Desktop\BasicsJS\projects\FundooNote\FundoNote\node_modules\@babel\runtime\helpers\asyncToGenerator.js:22:9)
    at processTicksAndRejections (node:internal/process/task_queues:95:5) 
    url - /api/v1/users/loginuser 
    method - POST 
    IP - ::ffff:127.0.0.1
   {"timestamp":"2022-12-29T18:05:04.874Z"}
error: 
    status - 500 
    message - Error: Password is Invalid
    at _callee3$ (C:\Users\Gajanan\OneDrive\Desktop\BasicsJS\projects\FundooNote\FundoNote\src\services\/user.service.js:40:13)
    at tryCatch (C:\Users\Gajanan\OneDrive\Desktop\BasicsJS\projects\FundooNote\FundoNote\node_modules\@babel\runtime\helpers\regeneratorRuntime.js:44:17)
    at Generator.<anonymous> (C:\Users\Gajanan\OneDrive\Desktop\BasicsJS\projects\FundooNote\FundoNote\node_modules\@babel\runtime\helpers\regeneratorRuntime.js:125:22)
    at Generator.next (C:\Users\Gajanan\OneDrive\Desktop\BasicsJS\projects\FundooNote\FundoNote\node_modules\@babel\runtime\helpers\regeneratorRuntime.js:69:21)
    at asyncGeneratorStep (C:\Users\Gajanan\OneDrive\Desktop\BasicsJS\projects\FundooNote\FundoNote\node_modules\@babel\runtime\helpers\asyncToGenerator.js:3:24)
    at _next (C:\Users\Gajanan\OneDrive\Desktop\BasicsJS\projects\FundooNote\FundoNote\node_modules\@babel\runtime\helpers\asyncToGenerator.js:22:9) 
    url - /api/v1/users/loginuser 
    method - POST 
    IP - ::ffff:127.0.0.1
   {"timestamp":"2022-12-29T18:05:05.243Z"}
error: 
      status - 400
      message - Authorization token is required 
      url - /api/v1/notes/add 
      method - POST 
      IP - ::ffff:127.0.0.1
     {"timestamp":"2022-12-29T18:05:05.534Z"}
info: Server started at http://localhost:5000/api/v1/ {"timestamp":"2022-12-29T18:06:51.967Z"}
info: Connected to the database. {"timestamp":"2022-12-29T18:06:54.943Z"}
error: 
    status - 500 
    message - ValidationError: "lastName" length must be at least 2 characters long 
    url - /api/v1/users/register 
    method - POST 
    IP - ::ffff:127.0.0.1
   {"timestamp":"2022-12-29T18:06:55.989Z"}
error: 
    status - 500 
    message - ValidationError: "firstName" length must be at least 4 characters long 
    url - /api/v1/users/register 
    method - POST 
    IP - ::ffff:127.0.0.1
   {"timestamp":"2022-12-29T18:06:56.002Z"}
error: 
    status - 500 
    message - Error: Invalid  EmailId
    at _callee3$ (C:\Users\Gajanan\OneDrive\Desktop\BasicsJS\projects\FundooNote\FundoNote\src\services\/user.service.js:43:11)
    at tryCatch (C:\Users\Gajanan\OneDrive\Desktop\BasicsJS\projects\FundooNote\FundoNote\node_modules\@babel\runtime\helpers\regeneratorRuntime.js:44:17)
    at Generator.<anonymous> (C:\Users\Gajanan\OneDrive\Desktop\BasicsJS\projects\FundooNote\FundoNote\node_modules\@babel\runtime\helpers\regeneratorRuntime.js:125:22)
    at Generator.next (C:\Users\Gajanan\OneDrive\Desktop\BasicsJS\projects\FundooNote\FundoNote\node_modules\@babel\runtime\helpers\regeneratorRuntime.js:69:21)
    at asyncGeneratorStep (C:\Users\Gajanan\OneDrive\Desktop\BasicsJS\projects\FundooNote\FundoNote\node_modules\@babel\runtime\helpers\asyncToGenerator.js:3:24)
    at _next (C:\Users\Gajanan\OneDrive\Desktop\BasicsJS\projects\FundooNote\FundoNote\node_modules\@babel\runtime\helpers\asyncToGenerator.js:22:9)
    at processTicksAndRejections (node:internal/process/task_queues:95:5) 
    url - /api/v1/users/loginuser 
    method - POST 
    IP - ::ffff:127.0.0.1
   {"timestamp":"2022-12-29T18:06:56.675Z"}
error: 
    status - 500 
    message - Error: Password is Invalid
    at _callee3$ (C:\Users\Gajanan\OneDrive\Desktop\BasicsJS\projects\FundooNote\FundoNote\src\services\/user.service.js:40:13)
    at tryCatch (C:\Users\Gajanan\OneDrive\Desktop\BasicsJS\projects\FundooNote\FundoNote\node_modules\@babel\runtime\helpers\regeneratorRuntime.js:44:17)
    at Generator.<anonymous> (C:\Users\Gajanan\OneDrive\Desktop\BasicsJS\projects\FundooNote\FundoNote\node_modules\@babel\runtime\helpers\regeneratorRuntime.js:125:22)
    at Generator.next (C:\Users\Gajanan\OneDrive\Desktop\BasicsJS\projects\FundooNote\FundoNote\node_modules\@babel\runtime\helpers\regeneratorRuntime.js:69:21)
    at asyncGeneratorStep (C:\Users\Gajanan\OneDrive\Desktop\BasicsJS\projects\FundooNote\FundoNote\node_modules\@babel\runtime\helpers\asyncToGenerator.js:3:24)
    at _next (C:\Users\Gajanan\OneDrive\Desktop\BasicsJS\projects\FundooNote\FundoNote\node_modules\@babel\runtime\helpers\asyncToGenerator.js:22:9) 
    url - /api/v1/users/loginuser 
    method - POST 
    IP - ::ffff:127.0.0.1
   {"timestamp":"2022-12-29T18:06:57.060Z"}
error: 
      status - 400
      message - Authorization token is required 
      url - /api/v1/notes/add 
      method - POST 
      IP - ::ffff:127.0.0.1
     {"timestamp":"2022-12-29T18:06:57.371Z"}
error: 
      status - 400
      message - Authorization token is required 
      url - /api/v1/notes/add 
      method - POST 
      IP - ::ffff:127.0.0.1
     {"timestamp":"2022-12-29T18:06:57.386Z"}
info: Server started at http://localhost:5000/api/v1/ {"timestamp":"2022-12-29T18:10:24.129Z"}
error: 
    status - 500 
    message - ValidationError: "lastName" length must be at least 2 characters long 
    url - /api/v1/users/register 
    method - POST 
    IP - ::ffff:127.0.0.1
   {"timestamp":"2022-12-29T18:10:34.185Z"}
error: 
    status - 500 
    message - MongooseError: Operation `users.findOne()` buffering timed out after 10000ms
    at Timeout.<anonymous> (C:\Users\Gajanan\OneDrive\Desktop\BasicsJS\projects\FundooNote\FundoNote\node_modules\mongoose\lib\drivers\node-mongodb-native\collection.js:198:23)
    at listOnTimeout (node:internal/timers:564:17)
    at processTimers (node:internal/timers:507:7) 
    url - /api/v1/users/register 
    method - POST 
    IP - ::ffff:127.0.0.1
   {"timestamp":"2022-12-29T18:10:34.206Z"}
info: Server started at http://localhost:5000/api/v1/ {"timestamp":"2022-12-29T18:11:09.593Z"}
info: Connected to the database. {"timestamp":"2022-12-29T18:11:18.559Z"}
error: 
    status - 500 
    message - ValidationError: "lastName" length must be at least 2 characters long 
    url - /api/v1/users/register 
    method - POST 
    IP - ::ffff:127.0.0.1
   {"timestamp":"2022-12-29T18:11:19.644Z"}
error: 
    status - 500 
    message - ValidationError: "firstName" length must be at least 4 characters long 
    url - /api/v1/users/register 
    method - POST 
    IP - ::ffff:127.0.0.1
   {"timestamp":"2022-12-29T18:11:19.668Z"}
error: 
    status - 500 
    message - Error: Invalid  EmailId
    at _callee3$ (C:\Users\Gajanan\OneDrive\Desktop\BasicsJS\projects\FundooNote\FundoNote\src\services\/user.service.js:43:11)
    at tryCatch (C:\Users\Gajanan\OneDrive\Desktop\BasicsJS\projects\FundooNote\FundoNote\node_modules\@babel\runtime\helpers\regeneratorRuntime.js:44:17)
    at Generator.<anonymous> (C:\Users\Gajanan\OneDrive\Desktop\BasicsJS\projects\FundooNote\FundoNote\node_modules\@babel\runtime\helpers\regeneratorRuntime.js:125:22)
    at Generator.next (C:\Users\Gajanan\OneDrive\Desktop\BasicsJS\projects\FundooNote\FundoNote\node_modules\@babel\runtime\helpers\regeneratorRuntime.js:69:21)
    at asyncGeneratorStep (C:\Users\Gajanan\OneDrive\Desktop\BasicsJS\projects\FundooNote\FundoNote\node_modules\@babel\runtime\helpers\asyncToGenerator.js:3:24)
    at _next (C:\Users\Gajanan\OneDrive\Desktop\BasicsJS\projects\FundooNote\FundoNote\node_modules\@babel\runtime\helpers\asyncToGenerator.js:22:9)
    at processTicksAndRejections (node:internal/process/task_queues:95:5) 
    url - /api/v1/users/loginuser 
    method - POST 
    IP - ::ffff:127.0.0.1
   {"timestamp":"2022-12-29T18:11:21.987Z"}
error: 
    status - 500 
    message - Error: Invalid  EmailId
    at _callee3$ (C:\Users\Gajanan\OneDrive\Desktop\BasicsJS\projects\FundooNote\FundoNote\src\services\/user.service.js:43:11)
    at tryCatch (C:\Users\Gajanan\OneDrive\Desktop\BasicsJS\projects\FundooNote\FundoNote\node_modules\@babel\runtime\helpers\regeneratorRuntime.js:44:17)
    at Generator.<anonymous> (C:\Users\Gajanan\OneDrive\Desktop\BasicsJS\projects\FundooNote\FundoNote\node_modules\@babel\runtime\helpers\regeneratorRuntime.js:125:22)
    at Generator.next (C:\Users\Gajanan\OneDrive\Desktop\BasicsJS\projects\FundooNote\FundoNote\node_modules\@babel\runtime\helpers\regeneratorRuntime.js:69:21)
    at asyncGeneratorStep (C:\Users\Gajanan\OneDrive\Desktop\BasicsJS\projects\FundooNote\FundoNote\node_modules\@babel\runtime\helpers\asyncToGenerator.js:3:24)
    at _next (C:\Users\Gajanan\OneDrive\Desktop\BasicsJS\projects\FundooNote\FundoNote\node_modules\@babel\runtime\helpers\asyncToGenerator.js:22:9)
    at processTicksAndRejections (node:internal/process/task_queues:95:5) 
    url - /api/v1/users/loginuser 
    method - POST 
    IP - ::ffff:127.0.0.1
   {"timestamp":"2022-12-29T18:11:23.514Z"}
error: 
    status - 500 
    message - Error: Password is Invalid
    at _callee3$ (C:\Users\Gajanan\OneDrive\Desktop\BasicsJS\projects\FundooNote\FundoNote\src\services\/user.service.js:40:13)
    at tryCatch (C:\Users\Gajanan\OneDrive\Desktop\BasicsJS\projects\FundooNote\FundoNote\node_modules\@babel\runtime\helpers\regeneratorRuntime.js:44:17)
    at Generator.<anonymous> (C:\Users\Gajanan\OneDrive\Desktop\BasicsJS\projects\FundooNote\FundoNote\node_modules\@babel\runtime\helpers\regeneratorRuntime.js:125:22)
    at Generator.next (C:\Users\Gajanan\OneDrive\Desktop\BasicsJS\projects\FundooNote\FundoNote\node_modules\@babel\runtime\helpers\regeneratorRuntime.js:69:21)
    at asyncGeneratorStep (C:\Users\Gajanan\OneDrive\Desktop\BasicsJS\projects\FundooNote\FundoNote\node_modules\@babel\runtime\helpers\asyncToGenerator.js:3:24)
    at _next (C:\Users\Gajanan\OneDrive\Desktop\BasicsJS\projects\FundooNote\FundoNote\node_modules\@babel\runtime\helpers\asyncToGenerator.js:22:9) 
    url - /api/v1/users/loginuser 
    method - POST 
    IP - ::ffff:127.0.0.1
   {"timestamp":"2022-12-29T18:11:23.886Z"}
error: 
    status - 500 
    message - JsonWebTokenError: jwt must be provided
    at Object.verify (C:\Users\Gajanan\OneDrive\Desktop\BasicsJS\projects\FundooNote\FundoNote\node_modules\jsonwebtoken\verify.js:53:17)
    at _callee$ (C:\Users\Gajanan\OneDrive\Desktop\BasicsJS\projects\FundooNote\FundoNote\src\middlewares\/auth.middleware.js:22:30)
    at tryCatch (C:\Users\Gajanan\OneDrive\Desktop\BasicsJS\projects\FundooNote\FundoNote\node_modules\@babel\runtime\helpers\regeneratorRuntime.js:44:17)
    at Generator.<anonymous> (C:\Users\Gajanan\OneDrive\Desktop\BasicsJS\projects\FundooNote\FundoNote\node_modules\@babel\runtime\helpers\regeneratorRuntime.js:125:22)
    at Generator.next (C:\Users\Gajanan\OneDrive\Desktop\BasicsJS\projects\FundooNote\FundoNote\node_modules\@babel\runtime\helpers\regeneratorRuntime.js:69:21)
    at asyncGeneratorStep (C:\Users\Gajanan\OneDrive\Desktop\BasicsJS\projects\FundooNote\FundoNote\node_modules\@babel\runtime\helpers\asyncToGenerator.js:3:24)
    at _next (C:\Users\Gajanan\OneDrive\Desktop\BasicsJS\projects\FundooNote\FundoNote\node_modules\@babel\runtime\helpers\asyncToGenerator.js:22:9)
    at C:\Users\Gajanan\OneDrive\Desktop\BasicsJS\projects\FundooNote\FundoNote\node_modules\@babel\runtime\helpers\asyncToGenerator.js:27:7
    at new Promise (<anonymous>)
    at C:\Users\Gajanan\OneDrive\Desktop\BasicsJS\projects\FundooNote\FundoNote\node_modules\@babel\runtime\helpers\asyncToGenerator.js:19:12
    at userAuth (C:\Users\Gajanan\OneDrive\Desktop\BasicsJS\projects\FundooNote\FundoNote\src\middlewares\/auth.middleware.js:12:22)
    at Layer.handle [as handle_request] (C:\Users\Gajanan\OneDrive\Desktop\BasicsJS\projects\FundooNote\FundoNote\node_modules\express\lib\router\layer.js:95:5)
    at next (C:\Users\Gajanan\OneDrive\Desktop\BasicsJS\projects\FundooNote\FundoNote\node_modules\express\lib\router\route.js:144:13)
    at Route.dispatch (C:\Users\Gajanan\OneDrive\Desktop\BasicsJS\projects\FundooNote\FundoNote\node_modules\express\lib\router\route.js:114:3)
    at Layer.handle [as handle_request] (C:\Users\Gajanan\OneDrive\Desktop\BasicsJS\projects\FundooNote\FundoNote\node_modules\express\lib\router\layer.js:95:5)
    at C:\Users\Gajanan\OneDrive\Desktop\BasicsJS\projects\FundooNote\FundoNote\node_modules\express\lib\router\index.js:284:15
    at Function.process_params (C:\Users\Gajanan\OneDrive\Desktop\BasicsJS\projects\FundooNote\FundoNote\node_modules\express\lib\router\index.js:346:12)
    at next (C:\Users\Gajanan\OneDrive\Desktop\BasicsJS\projects\FundooNote\FundoNote\node_modules\express\lib\router\index.js:280:10)
    at Function.handle (C:\Users\Gajanan\OneDrive\Desktop\BasicsJS\projects\FundooNote\FundoNote\node_modules\express\lib\router\index.js:175:3)
    at router (C:\Users\Gajanan\OneDrive\Desktop\BasicsJS\projects\FundooNote\FundoNote\node_modules\express\lib\router\index.js:47:12)
    at Layer.handle [as handle_request] (C:\Users\Gajanan\OneDrive\Desktop\BasicsJS\projects\FundooNote\FundoNote\node_modules\express\lib\router\layer.js:95:5)
    at trim_prefix (C:\Users\Gajanan\OneDrive\Desktop\BasicsJS\projects\FundooNote\FundoNote\node_modules\express\lib\router\index.js:328:13)
    at C:\Users\Gajanan\OneDrive\Desktop\BasicsJS\projects\FundooNote\FundoNote\node_modules\express\lib\router\index.js:286:9
    at Function.process_params (C:\Users\Gajanan\OneDrive\Desktop\BasicsJS\projects\FundooNote\FundoNote\node_modules\express\lib\router\index.js:346:12)
    at next (C:\Users\Gajanan\OneDrive\Desktop\BasicsJS\projects\FundooNote\FundoNote\node_modules\express\lib\router\index.js:280:10)
    at Function.handle (C:\Users\Gajanan\OneDrive\Desktop\BasicsJS\projects\FundooNote\FundoNote\node_modules\express\lib\router\index.js:175:3)
    at router (C:\Users\Gajanan\OneDrive\Desktop\BasicsJS\projects\FundooNote\FundoNote\node_modules\express\lib\router\index.js:47:12)
    at Layer.handle [as handle_request] (C:\Users\Gajanan\OneDrive\Desktop\BasicsJS\projects\FundooNote\FundoNote\node_modules\express\lib\router\layer.js:95:5)
    at trim_prefix (C:\Users\Gajanan\OneDrive\Desktop\BasicsJS\projects\FundooNote\FundoNote\node_modules\express\lib\router\index.js:328:13)
    at C:\Users\Gajanan\OneDrive\Desktop\BasicsJS\projects\FundooNote\FundoNote\node_modules\express\lib\router\index.js:286:9
    at Function.process_params (C:\Users\Gajanan\OneDrive\Desktop\BasicsJS\projects\FundooNote\FundoNote\node_modules\express\lib\router\index.js:346:12)
    at next (C:\Users\Gajanan\OneDrive\Desktop\BasicsJS\projects\FundooNote\FundoNote\node_modules\express\lib\router\index.js:280:10)
    at logger (C:\Users\Gajanan\OneDrive\Desktop\BasicsJS\projects\FundooNote\FundoNote\node_modules\morgan\index.js:144:5)
    at Layer.handle [as handle_request] (C:\Users\Gajanan\OneDrive\Desktop\BasicsJS\projects\FundooNote\FundoNote\node_modules\express\lib\router\layer.js:95:5)
    at trim_prefix (C:\Users\Gajanan\OneDrive\Desktop\BasicsJS\projects\FundooNote\FundoNote\node_modules\express\lib\router\index.js:328:13)
    at C:\Users\Gajanan\OneDrive\Desktop\BasicsJS\projects\FundooNote\FundoNote\node_modules\express\lib\router\index.js:286:9
    at Function.process_params (C:\Users\Gajanan\OneDrive\Desktop\BasicsJS\projects\FundooNote\FundoNote\node_modules\express\lib\router\index.js:346:12)
    at next (C:\Users\Gajanan\OneDrive\Desktop\BasicsJS\projects\FundooNote\FundoNote\node_modules\express\lib\router\index.js:280:10)
    at C:\Users\Gajanan\OneDrive\Desktop\BasicsJS\projects\FundooNote\FundoNote\node_modules\body-parser\lib\read.js:137:5
    at AsyncResource.runInAsyncScope (node:async_hooks:203:9)
    at invokeCallback (C:\Users\Gajanan\OneDrive\Desktop\BasicsJS\projects\FundooNote\FundoNote\node_modules\raw-body\index.js:231:16)
    at done (C:\Users\Gajanan\OneDrive\Desktop\BasicsJS\projects\FundooNote\FundoNote\node_modules\raw-body\index.js:220:7)
    at IncomingMessage.onEnd (C:\Users\Gajanan\OneDrive\Desktop\BasicsJS\projects\FundooNote\FundoNote\node_modules\raw-body\index.js:280:7)
    at IncomingMessage.emit (node:events:513:28)
    at endReadableNT (node:internal/streams/readable:1359:12)
    at processTicksAndRejections (node:internal/process/task_queues:82:21) 
    url - /api/v1/notes/add 
    method - POST 
    IP - ::ffff:127.0.0.1
   {"timestamp":"2022-12-29T18:11:23.905Z"}
error: 
      status - 400
      message - Authorization token is required 
      url - /api/v1/notes/add 
      method - POST 
      IP - ::ffff:127.0.0.1
     {"timestamp":"2022-12-29T18:11:23.958Z"}
error: 
      status - 400
      message - Authorization token is required 
      url - /api/v1/notes/add 
      method - POST 
      IP - ::ffff:127.0.0.1
     {"timestamp":"2022-12-29T18:11:23.973Z"}
error: 
      status - 400
      message - Authorization token is required 
      url - /api/v1/notes/add 
      method - POST 
      IP - ::ffff:127.0.0.1
     {"timestamp":"2022-12-29T18:11:23.987Z"}
info: Server started at http://localhost:5000/api/v1/ {"timestamp":"2022-12-29T18:12:05.201Z"}
error: 
    status - 500 
    message - ValidationError: "lastName" length must be at least 2 characters long 
    url - /api/v1/users/register 
    method - POST 
    IP - ::ffff:127.0.0.1
   {"timestamp":"2022-12-29T18:12:15.245Z"}
error: 
    status - 500 
    message - MongooseError: Operation `users.findOne()` buffering timed out after 10000ms
    at Timeout.<anonymous> (C:\Users\Gajanan\OneDrive\Desktop\BasicsJS\projects\FundooNote\FundoNote\node_modules\mongoose\lib\drivers\node-mongodb-native\collection.js:198:23)
    at listOnTimeout (node:internal/timers:564:17)
    at processTimers (node:internal/timers:507:7) 
    url - /api/v1/users/register 
    method - POST 
    IP - ::ffff:127.0.0.1
   {"timestamp":"2022-12-29T18:12:15.272Z"}
info: Server started at http://localhost:5000/api/v1/ {"timestamp":"2022-12-29T18:19:30.099Z"}
info: Connected to the database. {"timestamp":"2022-12-29T18:19:35.070Z"}
error: 
    status - 500 
    message - ValidationError: "lastName" length must be at least 2 characters long 
    url - /api/v1/users/register 
    method - POST 
    IP - ::ffff:127.0.0.1
   {"timestamp":"2022-12-29T18:19:36.192Z"}
error: 
    status - 500 
    message - ValidationError: "firstName" length must be at least 4 characters long 
    url - /api/v1/users/register 
    method - POST 
    IP - ::ffff:127.0.0.1
   {"timestamp":"2022-12-29T18:19:36.207Z"}
error: 
    status - 500 
    message - Error: Invalid  EmailId
    at _callee3$ (C:\Users\Gajanan\OneDrive\Desktop\BasicsJS\projects\FundooNote\FundoNote\src\services\/user.service.js:43:11)
    at tryCatch (C:\Users\Gajanan\OneDrive\Desktop\BasicsJS\projects\FundooNote\FundoNote\node_modules\@babel\runtime\helpers\regeneratorRuntime.js:44:17)
    at Generator.<anonymous> (C:\Users\Gajanan\OneDrive\Desktop\BasicsJS\projects\FundooNote\FundoNote\node_modules\@babel\runtime\helpers\regeneratorRuntime.js:125:22)
    at Generator.next (C:\Users\Gajanan\OneDrive\Desktop\BasicsJS\projects\FundooNote\FundoNote\node_modules\@babel\runtime\helpers\regeneratorRuntime.js:69:21)
    at asyncGeneratorStep (C:\Users\Gajanan\OneDrive\Desktop\BasicsJS\projects\FundooNote\FundoNote\node_modules\@babel\runtime\helpers\asyncToGenerator.js:3:24)
    at _next (C:\Users\Gajanan\OneDrive\Desktop\BasicsJS\projects\FundooNote\FundoNote\node_modules\@babel\runtime\helpers\asyncToGenerator.js:22:9)
    at processTicksAndRejections (node:internal/process/task_queues:95:5) 
    url - /api/v1/users/loginuser 
    method - POST 
    IP - ::ffff:127.0.0.1
   {"timestamp":"2022-12-29T18:19:36.839Z"}
error: 
    status - 500 
    message - Error: Password is Invalid
    at _callee3$ (C:\Users\Gajanan\OneDrive\Desktop\BasicsJS\projects\FundooNote\FundoNote\src\services\/user.service.js:40:13)
    at tryCatch (C:\Users\Gajanan\OneDrive\Desktop\BasicsJS\projects\FundooNote\FundoNote\node_modules\@babel\runtime\helpers\regeneratorRuntime.js:44:17)
    at Generator.<anonymous> (C:\Users\Gajanan\OneDrive\Desktop\BasicsJS\projects\FundooNote\FundoNote\node_modules\@babel\runtime\helpers\regeneratorRuntime.js:125:22)
    at Generator.next (C:\Users\Gajanan\OneDrive\Desktop\BasicsJS\projects\FundooNote\FundoNote\node_modules\@babel\runtime\helpers\regeneratorRuntime.js:69:21)
    at asyncGeneratorStep (C:\Users\Gajanan\OneDrive\Desktop\BasicsJS\projects\FundooNote\FundoNote\node_modules\@babel\runtime\helpers\asyncToGenerator.js:3:24)
    at _next (C:\Users\Gajanan\OneDrive\Desktop\BasicsJS\projects\FundooNote\FundoNote\node_modules\@babel\runtime\helpers\asyncToGenerator.js:22:9) 
    url - /api/v1/users/loginuser 
    method - POST 
    IP - ::ffff:127.0.0.1
   {"timestamp":"2022-12-29T18:19:37.203Z"}
error: 
      status - 400
      message - Authorization token is required 
      url - /api/v1/notes/add 
      method - POST 
      IP - ::ffff:127.0.0.1
     {"timestamp":"2022-12-29T18:19:37.496Z"}
error: 
      status - 400
      message - Authorization token is required 
      url - /api/v1/notes/add 
      method - POST 
      IP - ::ffff:127.0.0.1
     {"timestamp":"2022-12-29T18:19:37.517Z"}
error: 
      status - 400
      message - Authorization token is required 
      url - /api/v1/notes/add 
      method - POST 
      IP - ::ffff:127.0.0.1
     {"timestamp":"2022-12-29T18:19:37.534Z"}
info: Server started at http://localhost:5000/api/v1/ {"timestamp":"2022-12-29T18:23:51.086Z"}
info: Connected to the database. {"timestamp":"2022-12-29T18:23:55.812Z"}
error: 
    status - 500 
    message - ValidationError: "lastName" length must be at least 2 characters long 
    url - /api/v1/users/register 
    method - POST 
    IP - ::ffff:127.0.0.1
   {"timestamp":"2022-12-29T18:23:56.866Z"}
error: 
    status - 500 
    message - ValidationError: "firstName" length must be at least 4 characters long 
    url - /api/v1/users/register 
    method - POST 
    IP - ::ffff:127.0.0.1
   {"timestamp":"2022-12-29T18:23:56.887Z"}
error: 
    status - 500 
    message - Error: Invalid  EmailId
    at _callee3$ (C:\Users\Gajanan\OneDrive\Desktop\BasicsJS\projects\FundooNote\FundoNote\src\services\/user.service.js:43:11)
    at tryCatch (C:\Users\Gajanan\OneDrive\Desktop\BasicsJS\projects\FundooNote\FundoNote\node_modules\@babel\runtime\helpers\regeneratorRuntime.js:44:17)
    at Generator.<anonymous> (C:\Users\Gajanan\OneDrive\Desktop\BasicsJS\projects\FundooNote\FundoNote\node_modules\@babel\runtime\helpers\regeneratorRuntime.js:125:22)
    at Generator.next (C:\Users\Gajanan\OneDrive\Desktop\BasicsJS\projects\FundooNote\FundoNote\node_modules\@babel\runtime\helpers\regeneratorRuntime.js:69:21)
    at asyncGeneratorStep (C:\Users\Gajanan\OneDrive\Desktop\BasicsJS\projects\FundooNote\FundoNote\node_modules\@babel\runtime\helpers\asyncToGenerator.js:3:24)
    at _next (C:\Users\Gajanan\OneDrive\Desktop\BasicsJS\projects\FundooNote\FundoNote\node_modules\@babel\runtime\helpers\asyncToGenerator.js:22:9)
    at processTicksAndRejections (node:internal/process/task_queues:95:5) 
    url - /api/v1/users/loginuser 
    method - POST 
    IP - ::ffff:127.0.0.1
   {"timestamp":"2022-12-29T18:23:57.525Z"}
error: 
    status - 500 
    message - Error: Password is Invalid
    at _callee3$ (C:\Users\Gajanan\OneDrive\Desktop\BasicsJS\projects\FundooNote\FundoNote\src\services\/user.service.js:40:13)
    at tryCatch (C:\Users\Gajanan\OneDrive\Desktop\BasicsJS\projects\FundooNote\FundoNote\node_modules\@babel\runtime\helpers\regeneratorRuntime.js:44:17)
    at Generator.<anonymous> (C:\Users\Gajanan\OneDrive\Desktop\BasicsJS\projects\FundooNote\FundoNote\node_modules\@babel\runtime\helpers\regeneratorRuntime.js:125:22)
    at Generator.next (C:\Users\Gajanan\OneDrive\Desktop\BasicsJS\projects\FundooNote\FundoNote\node_modules\@babel\runtime\helpers\regeneratorRuntime.js:69:21)
    at asyncGeneratorStep (C:\Users\Gajanan\OneDrive\Desktop\BasicsJS\projects\FundooNote\FundoNote\node_modules\@babel\runtime\helpers\asyncToGenerator.js:3:24)
    at _next (C:\Users\Gajanan\OneDrive\Desktop\BasicsJS\projects\FundooNote\FundoNote\node_modules\@babel\runtime\helpers\asyncToGenerator.js:22:9) 
    url - /api/v1/users/loginuser 
    method - POST 
    IP - ::ffff:127.0.0.1
   {"timestamp":"2022-12-29T18:23:57.886Z"}
error: 
      status - 400
      message - Authorization token is required 
      url - /api/v1/notes/add 
      method - POST 
      IP - ::ffff:127.0.0.1
     {"timestamp":"2022-12-29T18:23:58.406Z"}
error: 
      status - 400
      message - Authorization token is required 
      url - /api/v1/notes/add 
      method - POST 
      IP - ::ffff:127.0.0.1
     {"timestamp":"2022-12-29T18:23:58.446Z"}
error: 
      status - 400
      message - Authorization token is required 
      url - /api/v1/notes/add 
      method - POST 
      IP - ::ffff:127.0.0.1
     {"timestamp":"2022-12-29T18:23:58.461Z"}
info: Server started at http://localhost:5000/api/v1/ {"timestamp":"2022-12-29T18:26:23.105Z"}
info: Connected to the database. {"timestamp":"2022-12-29T18:26:25.582Z"}
error: 
    status - 500 
    message - ValidationError: "lastName" length must be at least 2 characters long 
    url - /api/v1/users/register 
    method - POST 
    IP - ::ffff:127.0.0.1
   {"timestamp":"2022-12-29T18:26:26.649Z"}
error: 
    status - 500 
    message - ValidationError: "firstName" length must be at least 4 characters long 
    url - /api/v1/users/register 
    method - POST 
    IP - ::ffff:127.0.0.1
   {"timestamp":"2022-12-29T18:26:26.668Z"}
error: 
    status - 500 
    message - Error: Invalid  EmailId
    at _callee3$ (C:\Users\Gajanan\OneDrive\Desktop\BasicsJS\projects\FundooNote\FundoNote\src\services\/user.service.js:43:11)
    at tryCatch (C:\Users\Gajanan\OneDrive\Desktop\BasicsJS\projects\FundooNote\FundoNote\node_modules\@babel\runtime\helpers\regeneratorRuntime.js:44:17)
    at Generator.<anonymous> (C:\Users\Gajanan\OneDrive\Desktop\BasicsJS\projects\FundooNote\FundoNote\node_modules\@babel\runtime\helpers\regeneratorRuntime.js:125:22)
    at Generator.next (C:\Users\Gajanan\OneDrive\Desktop\BasicsJS\projects\FundooNote\FundoNote\node_modules\@babel\runtime\helpers\regeneratorRuntime.js:69:21)
    at asyncGeneratorStep (C:\Users\Gajanan\OneDrive\Desktop\BasicsJS\projects\FundooNote\FundoNote\node_modules\@babel\runtime\helpers\asyncToGenerator.js:3:24)
    at _next (C:\Users\Gajanan\OneDrive\Desktop\BasicsJS\projects\FundooNote\FundoNote\node_modules\@babel\runtime\helpers\asyncToGenerator.js:22:9)
    at processTicksAndRejections (node:internal/process/task_queues:95:5) 
    url - /api/v1/users/loginuser 
    method - POST 
    IP - ::ffff:127.0.0.1
   {"timestamp":"2022-12-29T18:26:27.242Z"}
error: 
    status - 500 
    message - Error: Password is Invalid
    at _callee3$ (C:\Users\Gajanan\OneDrive\Desktop\BasicsJS\projects\FundooNote\FundoNote\src\services\/user.service.js:40:13)
    at tryCatch (C:\Users\Gajanan\OneDrive\Desktop\BasicsJS\projects\FundooNote\FundoNote\node_modules\@babel\runtime\helpers\regeneratorRuntime.js:44:17)
    at Generator.<anonymous> (C:\Users\Gajanan\OneDrive\Desktop\BasicsJS\projects\FundooNote\FundoNote\node_modules\@babel\runtime\helpers\regeneratorRuntime.js:125:22)
    at Generator.next (C:\Users\Gajanan\OneDrive\Desktop\BasicsJS\projects\FundooNote\FundoNote\node_modules\@babel\runtime\helpers\regeneratorRuntime.js:69:21)
    at asyncGeneratorStep (C:\Users\Gajanan\OneDrive\Desktop\BasicsJS\projects\FundooNote\FundoNote\node_modules\@babel\runtime\helpers\asyncToGenerator.js:3:24)
    at _next (C:\Users\Gajanan\OneDrive\Desktop\BasicsJS\projects\FundooNote\FundoNote\node_modules\@babel\runtime\helpers\asyncToGenerator.js:22:9) 
    url - /api/v1/users/loginuser 
    method - POST 
    IP - ::ffff:127.0.0.1
   {"timestamp":"2022-12-29T18:26:27.605Z"}
error: 
      status - 400
      message - Authorization token is required 
      url - /api/v1/notes/add 
      method - POST 
      IP - ::ffff:127.0.0.1
     {"timestamp":"2022-12-29T18:26:27.872Z"}
error: 
      status - 400
      message - Authorization token is required 
      url - /api/v1/notes/add 
      method - POST 
      IP - ::ffff:127.0.0.1
     {"timestamp":"2022-12-29T18:26:27.887Z"}
error: 
      status - 400
      message - Authorization token is required 
      url - /api/v1/notes/add 
      method - POST 
      IP - ::ffff:127.0.0.1
     {"timestamp":"2022-12-29T18:26:27.898Z"}
error: 
      status - 400
      message - Authorization token is required 
      url - /api/v1/notes/add 
      method - POST 
      IP - ::ffff:127.0.0.1
     {"timestamp":"2022-12-29T18:26:28.419Z"}
info: Server started at http://localhost:5000/api/v1/ {"timestamp":"2022-12-29T18:29:50.281Z"}
info: Connected to the database. {"timestamp":"2022-12-29T18:29:53.794Z"}
error: 
    status - 500 
    message - ValidationError: "lastName" length must be at least 2 characters long 
    url - /api/v1/users/register 
    method - POST 
    IP - ::ffff:127.0.0.1
   {"timestamp":"2022-12-29T18:29:54.956Z"}
error: 
    status - 500 
    message - ValidationError: "firstName" length must be at least 4 characters long 
    url - /api/v1/users/register 
    method - POST 
    IP - ::ffff:127.0.0.1
   {"timestamp":"2022-12-29T18:29:54.968Z"}
error: 
    status - 500 
    message - Error: Invalid  EmailId
    at _callee3$ (C:\Users\Gajanan\OneDrive\Desktop\BasicsJS\projects\FundooNote\FundoNote\src\services\/user.service.js:43:11)
    at tryCatch (C:\Users\Gajanan\OneDrive\Desktop\BasicsJS\projects\FundooNote\FundoNote\node_modules\@babel\runtime\helpers\regeneratorRuntime.js:44:17)
    at Generator.<anonymous> (C:\Users\Gajanan\OneDrive\Desktop\BasicsJS\projects\FundooNote\FundoNote\node_modules\@babel\runtime\helpers\regeneratorRuntime.js:125:22)
    at Generator.next (C:\Users\Gajanan\OneDrive\Desktop\BasicsJS\projects\FundooNote\FundoNote\node_modules\@babel\runtime\helpers\regeneratorRuntime.js:69:21)
    at asyncGeneratorStep (C:\Users\Gajanan\OneDrive\Desktop\BasicsJS\projects\FundooNote\FundoNote\node_modules\@babel\runtime\helpers\asyncToGenerator.js:3:24)
    at _next (C:\Users\Gajanan\OneDrive\Desktop\BasicsJS\projects\FundooNote\FundoNote\node_modules\@babel\runtime\helpers\asyncToGenerator.js:22:9)
    at processTicksAndRejections (node:internal/process/task_queues:95:5) 
    url - /api/v1/users/loginuser 
    method - POST 
    IP - ::ffff:127.0.0.1
   {"timestamp":"2022-12-29T18:29:55.617Z"}
error: 
    status - 500 
    message - Error: Password is Invalid
    at _callee3$ (C:\Users\Gajanan\OneDrive\Desktop\BasicsJS\projects\FundooNote\FundoNote\src\services\/user.service.js:40:13)
    at tryCatch (C:\Users\Gajanan\OneDrive\Desktop\BasicsJS\projects\FundooNote\FundoNote\node_modules\@babel\runtime\helpers\regeneratorRuntime.js:44:17)
    at Generator.<anonymous> (C:\Users\Gajanan\OneDrive\Desktop\BasicsJS\projects\FundooNote\FundoNote\node_modules\@babel\runtime\helpers\regeneratorRuntime.js:125:22)
    at Generator.next (C:\Users\Gajanan\OneDrive\Desktop\BasicsJS\projects\FundooNote\FundoNote\node_modules\@babel\runtime\helpers\regeneratorRuntime.js:69:21)
    at asyncGeneratorStep (C:\Users\Gajanan\OneDrive\Desktop\BasicsJS\projects\FundooNote\FundoNote\node_modules\@babel\runtime\helpers\asyncToGenerator.js:3:24)
    at _next (C:\Users\Gajanan\OneDrive\Desktop\BasicsJS\projects\FundooNote\FundoNote\node_modules\@babel\runtime\helpers\asyncToGenerator.js:22:9) 
    url - /api/v1/users/loginuser 
    method - POST 
    IP - ::ffff:127.0.0.1
   {"timestamp":"2022-12-29T18:29:55.984Z"}
error: 
      status - 400
      message - Authorization token is required 
      url - /api/v1/notes/add 
      method - POST 
      IP - ::ffff:127.0.0.1
     {"timestamp":"2022-12-29T18:29:56.296Z"}
error: 
      status - 400
      message - Authorization token is required 
      url - /api/v1/notes/add 
      method - POST 
      IP - ::ffff:127.0.0.1
     {"timestamp":"2022-12-29T18:29:56.315Z"}
error: 
      status - 400
      message - Authorization token is required 
      url - /api/v1/notes/add 
      method - POST 
      IP - ::ffff:127.0.0.1
     {"timestamp":"2022-12-29T18:29:56.327Z"}
error: 
      status - 400
      message - Authorization token is required 
      url - /api/v1/notes/add 
      method - POST 
      IP - ::ffff:127.0.0.1
     {"timestamp":"2022-12-29T18:29:56.875Z"}
